<?xml version="1.0" encoding="UTF-8"?>
<testng-results ignored="0" total="3" passed="3" failed="0" skipped="0">
  <reporter-output>
  </reporter-output>
  <suite started-at="2023-05-04T08:34:47 IST" name="Default suite" finished-at="2023-05-04T08:35:09 IST" duration-ms="21856">
    <groups>
    </groups>
    <test started-at="2023-05-04T08:34:47 IST" name="Default test" finished-at="2023-05-04T08:35:09 IST" duration-ms="21856">
      <class name="tetngannotations.dp">
        <test-method signature="DataProvSampleTest(java.lang.String,java.lang.String,java.lang.String)[pri:0, instance:tetngannotations.dp@2a3b5b47]" started-at="2023-05-04T08:34:47 IST" name="DataProvSampleTest" data-provider="dhivya" finished-at="2023-05-04T08:34:57 IST" duration-ms="10044" status="PASS">
          <params>
            <param index="0">
              <value>
                <![CDATA[valid]]>
              </value>
            </param>
            <param index="1">
              <value>
                <![CDATA[Dhivyakarthi123]]>
              </value>
            </param>
            <param index="2">
              <value>
                <![CDATA[12345]]>
              </value>
            </param>
          </params>
          <reporter-output>
          </reporter-output>
        </test-method> <!-- DataProvSampleTest -->
        <test-method signature="DataProvSampleTest(java.lang.String,java.lang.String,java.lang.String)[pri:0, instance:tetngannotations.dp@2a3b5b47]" started-at="2023-05-04T08:34:57 IST" name="DataProvSampleTest" data-provider="dhivya" finished-at="2023-05-04T08:35:03 IST" duration-ms="5979" status="PASS">
          <params>
            <param index="0">
              <value>
                <![CDATA[invalid]]>
              </value>
            </param>
            <param index="1">
              <value>
                <![CDATA[DDD]]>
              </value>
            </param>
            <param index="2">
              <value>
                <![CDATA[555]]>
              </value>
            </param>
          </params>
          <reporter-output>
          </reporter-output>
        </test-method> <!-- DataProvSampleTest -->
        <test-method signature="DataProvSampleTest(java.lang.String,java.lang.String,java.lang.String)[pri:0, instance:tetngannotations.dp@2a3b5b47]" started-at="2023-05-04T08:35:03 IST" name="DataProvSampleTest" data-provider="dhivya" finished-at="2023-05-04T08:35:09 IST" duration-ms="5779" status="PASS">
          <params>
            <param index="0">
              <value>
                <![CDATA[in]]>
              </value>
            </param>
            <param index="1">
              <value>
                <![CDATA[DEEPA]]>
              </value>
            </param>
            <param index="2">
              <value>
                <![CDATA[3456]]>
              </value>
            </param>
          </params>
          <reporter-output>
          </reporter-output>
        </test-method> <!-- DataProvSampleTest -->
      </class> <!-- tetngannotations.dp -->
    </test> <!-- Default test -->
  </suite> <!-- Default suite -->
</testng-results>
