<?xml version="1.0" encoding="UTF-8"?>
<!-- Generated by org.testng.reporters.JUnitXMLReporter -->
<testsuite ignored="0" hostname="Gowtham-R-Dell-System" failures="0" tests="3" name="Default test" time="21.856" errors="0" timestamp="2023-05-04T08:35:09 IST">
  <testcase classname="tetngannotations.dp" name="DataProvSampleTest" time="10.044"/>
  <testcase classname="tetngannotations.dp" name="DataProvSampleTest" time="5.979"/>
  <testcase classname="tetngannotations.dp" name="DataProvSampleTest" time="5.779"/>
</testsuite> <!-- Default test -->
